[ 2380.446901] INFO: rcu_sched detected stalls on CPUs/tasks:
[ 2380.446997] INFO: rcu_sched self-detected stall on CPU
[ 2380.447095] 	1-...!: (1 ticks this GP) idle=486/140000000000001/0 softirq=1338/1341 fqs=1 
[ 2380.478587] 	(detected by 0, t=43571 jiffies, g=-97, c=-98, q=158)
[ 2380.478685] 	1-...!: (1 ticks this GP) idle=486/140000000000001/0 softirq=1338/1341 fqs=1 
[ 2380.501361] 	 (t=43571 jiffies g=-97 c=-98 q=158)
[ 2380.501525] Sending NMI from CPU 0 to CPUs 1:
[ 2380.509347] rcu_sched kthread starved for 43568 jiffies! g18446744073709551519 c18446744073709551518 f0x0 RCU_GP_WAIT_FQS(3) ->state=0x402 ->cpu=0
[ 2380.519748] NMI backtrace for cpu 1
[ 2380.519775] CPU: 1 PID: 284 Comm: modprobe Not tainted 4.15.0-200-generic #211-Ubuntu
[ 2380.519775] Hardware name: innotek GmbH VirtualBox/VirtualBox, BIOS VirtualBox 12/01/2006
[ 2380.519776] RIP: 0010:io_serial_in+0x18/0x20
[ 2380.519776] RSP: 0018:ffff904d9fd03bd0 EFLAGS: 00010002
[ 2380.519777] RAX: ffffffffb101fa60 RBX: ffffffffb2514e60 RCX: 0000000000000000
[ 2380.519777] RDX: 00000000000003fd RSI: 0000000000000005 RDI: ffffffffb2514e60
[ 2380.519778] RBP: ffff904d9fd03bd0 R08: 0000000000000000 R09: 0000000000000007
[ 2380.519778] R10: 0000000000000000 R11: ffffffffb236880d R12: 0000000000002710
[ 2380.519778] R13: 0000000000000020 R14: ffffffffb2368801 R15: ffffffffb2514e60
[ 2380.519779] FS:  00007f1bbf0ac540(0000) GS:ffff904d9fd00000(0000) knlGS:0000000000000000
[ 2380.519779] CS:  0010 DS: 0000 ES: 0000 CR0: 0000000080050033
[ 2380.519779] CR2: 00007fe682ec15a0 CR3: 0000000115cd2002 CR4: 00000000000206e0
[ 2380.519780] Call Trace:
[ 2380.519780]  <IRQ>
[ 2380.519780]  wait_for_xmitr+0x47/0xb0
[ 2380.519780]  serial8250_console_putchar+0x1c/0x40
[ 2380.519781]  ? wait_for_xmitr+0xb0/0xb0
[ 2380.519781]  uart_console_write+0x4c/0x60
[ 2380.519781]  serial8250_console_write+0x10a/0x280
[ 2380.519782]  ? msg_print_text+0x80/0x100
[ 2380.519782]  univ8250_console_write+0x21/0x30
[ 2380.519782]  console_unlock+0x3cf/0x560
[ 2380.519782]  vprintk_emit+0x134/0x2c0
[ 2380.519783]  vprintk_default+0x29/0x50
[ 2380.519783]  vprintk_func+0x47/0xc0
[ 2380.519783]  printk+0x52/0x6e
[ 2380.519783]  rcu_check_gp_kthread_starvation+0x98/0xc0
[ 2380.519784]  rcu_check_callbacks+0x6c5/0x8e0
[ 2380.519784]  ? tick_sched_do_timer+0x50/0x50
[ 2380.519784]  update_process_times+0x2f/0x60
[ 2380.519785]  tick_sched_handle+0x26/0x70
[ 2380.519785]  ? tick_sched_do_timer+0x50/0x50
[ 2380.519785]  tick_sched_timer+0x39/0x80
[ 2380.519786]  __hrtimer_run_queues+0xdf/0x230
[ 2380.519786]  hrtimer_interrupt+0xa0/0x1d0
[ 2380.519786]  smp_apic_timer_interrupt+0x6f/0x140
[ 2380.519786]  apic_timer_interrupt+0x90/0xa0
[ 2380.519787]  </IRQ>
[ 2380.519787] RIP: 0010:raid6_sse21_gen_syndrome+0xba/0x130 [raid6_pq]
[ 2380.519787] RSP: 0018:ffffac62c0933b60 EFLAGS: 00010287 ORIG_RAX: ffffffffffffff11
[ 2380.519788] RAX: ffffac62c0933bd0 RBX: 0000000000001000 RCX: ffffffffc03e4600
[ 2380.519788] RDX: 00000000000007f0 RSI: ffffac62c0933c28 RDI: 000000000000000d
[ 2380.519789] RBP: ffffac62c0933b90 R08: ffffac62c0933ba8 R09: 00000000000007f0
[ 2380.519789] R10: ffffac62c0933c20 R11: ffffac62c0933c18 R12: ffff904d9609c000
[ 2380.519789] R13: ffff904d9609d000 R14: ffffac62c0933bb0 R15: 0000000000000080
[ 2380.519790]  init_module+0x118/0x1000 [raid6_pq]
[ 2380.519790]  ? 0xffffffffc03f6000
[ 2380.519790]  do_one_initcall+0x52/0x1a0
[ 2380.519790]  ? _cond_resched+0x19/0x40
[ 2380.519791]  ? kmem_cache_alloc_trace+0x167/0x1d0
[ 2380.519791]  ? do_init_module+0x27/0x1f2
[ 2380.519791]  do_init_module+0x4f/0x1f2
[ 2380.519792]  load_module+0x1772/0x2000
[ 2380.519792]  ? ima_post_read_file+0x96/0xa0
[ 2380.519792]  SYSC_finit_module+0xfc/0x120
[ 2380.519792]  ? SYSC_finit_module+0xfc/0x120
[ 2380.519793]  SyS_finit_module+0xe/0x10
[ 2380.519793]  do_syscall_64+0x73/0x130
[ 2380.519793]  entry_SYSCALL_64_after_hwframe+0x41/0xa6
[ 2380.519793] RIP: 0033:0x7f1bbebaf539
[ 2380.519794] RSP: 002b:00007fffe2db1668 EFLAGS: 00000246 ORIG_RAX: 0000000000000139
[ 2380.519794] RAX: ffffffffffffffda RBX: 000055d101e0c880 RCX: 00007f1bbebaf539
[ 2380.519795] RDX: 0000000000000000 RSI: 000055d100689cee RDI: 0000000000000004
[ 2380.519795] RBP: 000055d100689cee R08: 0000000000000000 R09: 000055d101e0be00
[ 2380.519796] R10: 0000000000000004 R11: 0000000000000246 R12: 0000000000000000
[ 2380.519796] R13: 000055d101e0c830 R14: 0000000000060000 R15: 000055d101e0be00
[ 2380.519796] Code: 48 89 e5 d3 e6 48 63 f6 48 03 77 10 8b 06 5d c3 0f 1f 00 0f 1f 44 00 00 0f b6 8f a1 00 00 00 8b 57 08 55 48 89 e5 d3 e6 01 f2 ec <0f> b6 c0 5d c3 0f 1f 00 0f 1f 44 00 00 0f b6 8f a1 00 00 00 89 
[ 2380.519835] INFO: NMI handler (nmi_cpu_backtrace_handler) took too long to run: 2.820 msecs
[ 2380.519840] rcu_sched kthread starved for 43568 jiffies! g18446744073709551519 c18446744073709551518 f0x0 RCU_GP_WAIT_FQS(3) ->state=0x402 ->cpu=0
[ 2380.553533] rcu_sched       I    0     9      2 0x80000000
[ 2380.558402] rcu_sched       I    0     9      2 0x80000000
[ 2380.558405] Call Trace:
[ 2380.558488]  __schedule+0x24e/0x890
[ 2380.572140] Call Trace:
[ 2380.587807]  schedule+0x2c/0x80
[ 2380.596081]  __schedule+0x24e/0x890
[ 2380.605551]  schedule_timeout+0x15d/0x370
[ 2380.615420]  schedule+0x2c/0x80
[ 2380.623052]  ? __next_timer_interrupt+0xe0/0xe0
[ 2380.631146]  schedule_timeout+0x15d/0x370
[ 2380.639773]  rcu_gp_kthread+0x53a/0x980
[ 2380.649053]  ? __next_timer_interrupt+0xe0/0xe0
[ 2380.658594]  kthread+0x121/0x140
[ 2380.666463]  rcu_gp_kthread+0x53a/0x980
[ 2380.675062]  ? rcu_note_context_switch+0x150/0x150
[ 2380.678486]  kthread+0x121/0x140
[ 2380.681190]  ? kthread_create_worker_on_cpu+0x70/0x70
[ 2380.686193]  ? rcu_note_context_switch+0x150/0x150
[ 2380.691527]  ret_from_fork+0x35/0x40
[ 2380.696877]  ? kthread_create_worker_on_cpu+0x70/0x70
[ 2380.706207] INFO: rcu_sched detected stalls on CPUs/tasks:
[ 2380.713387]  ret_from_fork+0x35/0x40
[ 2380.720998] 	1-...!: (1 ticks this GP) idle=486/140000000000001/0 softirq=1338/1341 fqs=1 
[ 2381.272288] 	(detected by 0, t=593392 jiffies, g=-97, c=-98, q=158)
[ 2381.272457] NMI backtrace for cpu 1
[ 2381.287288] CPU: 1 PID: 284 Comm: modprobe Not tainted 4.15.0-200-generic #211-Ubuntu
[ 2381.295620] Hardware name: innotek GmbH VirtualBox/VirtualBox, BIOS VirtualBox 12/01/2006
[ 2381.307094] Call Trace:
[ 2381.312198]  <IRQ>
[ 2381.315137]  dump_stack+0x6d/0x8b
[ 2381.319461]  nmi_cpu_backtrace+0x94/0xa0
[ 2381.324728]  ? lapic_can_unplug_cpu+0xb0/0xb0
[ 2381.329697]  nmi_trigger_cpumask_backtrace+0xe7/0x130
[ 2381.336236]  arch_trigger_cpumask_backtrace+0x19/0x20
[ 2381.343484]  rcu_dump_cpu_stacks+0xa3/0xd5
[ 2381.349182]  rcu_check_callbacks+0x6cd/0x8e0
[ 2381.355840]  ? tick_sched_do_timer+0x50/0x50
[ 2381.361538]  update_process_times+0x2f/0x60
[ 2381.368217]  tick_sched_handle+0x26/0x70
[ 2381.374588]  ? tick_sched_do_timer+0x50/0x50
[ 2381.380807]  tick_sched_timer+0x39/0x80
[ 2381.387295]  __hrtimer_run_queues+0xdf/0x230
[ 2381.394644]  hrtimer_interrupt+0xa0/0x1d0
[ 2381.400635]  smp_apic_timer_interrupt+0x6f/0x140
[ 2381.406880]  apic_timer_interrupt+0x90/0xa0
[ 2381.412002]  </IRQ>
[ 2381.414812] RIP: 0010:raid6_sse21_gen_syndrome+0xba/0x130 [raid6_pq]
[ 2381.421409] RSP: 0018:ffffac62c0933b60 EFLAGS: 00010287 ORIG_RAX: ffffffffffffff11
[ 2381.431408] RAX: ffffac62c0933bd0 RBX: 0000000000001000 RCX: ffffffffc03e4600
[ 2381.439992] RDX: 00000000000007f0 RSI: ffffac62c0933c28 RDI: 000000000000000d
[ 2381.450030] RBP: ffffac62c0933b90 R08: ffffac62c0933ba8 R09: 00000000000007f0
[ 2381.459339] R10: ffffac62c0933c20 R11: ffffac62c0933c18 R12: ffff904d9609c000
[ 2381.469261] R13: ffff904d9609d000 R14: ffffac62c0933bb0 R15: 0000000000000080
[ 2381.478585]  init_module+0x118/0x1000 [raid6_pq]
[ 2381.485440]  ? 0xffffffffc03f6000
[ 2381.490425]  do_one_initcall+0x52/0x1a0
[ 2381.496770]  ? _cond_resched+0x19/0x40
[ 2381.501457]  ? kmem_cache_alloc_trace+0x167/0x1d0
[ 2381.507352]  ? do_init_module+0x27/0x1f2
[ 2381.511941]  do_init_module+0x4f/0x1f2
[ 2381.516501]  load_module+0x1772/0x2000
[ 2381.521844]  ? ima_post_read_file+0x96/0xa0
[ 2381.527873]  SYSC_finit_module+0xfc/0x120
[ 2381.534158]  ? SYSC_finit_module+0xfc/0x120
[ 2381.540481]  SyS_finit_module+0xe/0x10
[ 2381.546496]  do_syscall_64+0x73/0x130
[ 2381.553106]  entry_SYSCALL_64_after_hwframe+0x41/0xa6
[ 2381.561294] RIP: 0033:0x7f1bbebaf539
[ 2381.566989] RSP: 002b:00007fffe2db1668 EFLAGS: 00000246 ORIG_RAX: 0000000000000139
[ 2381.578634] RAX: ffffffffffffffda RBX: 000055d101e0c880 RCX: 00007f1bbebaf539
[ 2381.589777] RDX: 0000000000000000 RSI: 000055d100689cee RDI: 0000000000000004
[ 2381.599806] RBP: 000055d100689cee R08: 0000000000000000 R09: 000055d101e0be00
[ 2381.609645] R10: 0000000000000004 R11: 0000000000000246 R12: 0000000000000000
[ 2381.619613] R13: 000055d101e0c830 R14: 0000000000060000 R15: 000055d101e0be00
[ 2381.629576] Sending NMI from CPU 0 to CPUs 1:
[ 2381.630995] raid6: sse2x1   gen() 614998170 MB/s
[ 2381.636789] NMI backtrace for cpu 1
[ 2381.636790] CPU: 1 PID: 284 Comm: modprobe Not tainted 4.15.0-200-generic #211-Ubuntu
[ 2381.636791] Hardware name: innotek GmbH VirtualBox/VirtualBox, BIOS VirtualBox 12/01/2006
[ 2381.636791] RIP: 0010:io_serial_out+0x1a/0x20
[ 2381.636792] RSP: 0018:ffffac62c09339c0 EFLAGS: 00010006
[ 2381.636793] RAX: 0000000000000000 RBX: 0000000000000001 RCX: 0000000000000000
[ 2381.636793] RDX: 00000000000003f9 RSI: 0000000000000001 RDI: ffffffffb2514e60
[ 2381.636794] RBP: ffffac62c09339c0 R08: 0000000000000000 R09: 0000000000000007
[ 2381.636794] R10: 0000000000000000 R11: ffffffffb236880d R12: 0000000000000005
[ 2381.636795] R13: ffffffffb2368800 R14: 0000000000000034 R15: ffffffffb2514e60
[ 2381.636795] FS:  00007f1bbf0ac540(0000) GS:ffff904d9fd00000(0000) knlGS:0000000000000000
[ 2381.636795] CS:  0010 DS: 0000 ES: 0000 CR0: 0000000080050033
[ 2381.636796] CR2: 00007fe682ec15a0 CR3: 0000000115cd2002 CR4: 00000000000206e0
[ 2381.636796] Call Trace:
[ 2381.636797]  serial8250_console_write+0x184/0x280
[ 2381.636797]  ? print_prefix+0x174/0x1a0
[ 2381.636797]  ? msg_print_text+0x80/0x100
[ 2381.636798]  univ8250_console_write+0x21/0x30
[ 2381.636798]  console_unlock+0x3cf/0x560
[ 2381.636798]  vprintk_emit+0x134/0x2c0
[ 2381.636798]  vprintk_default+0x29/0x50
[ 2381.636799]  vprintk_func+0x47/0xc0
[ 2381.636799]  printk+0x52/0x6e
[ 2381.636799]  ? raid6_sse21_gen_syndrome+0x120/0x130 [raid6_pq]
[ 2381.636800]  init_module+0x15f/0x1000 [raid6_pq]
[ 2381.636800]  ? 0xffffffffc03f6000
[ 2381.636801]  do_one_initcall+0x52/0x1a0
[ 2381.636801]  ? _cond_resched+0x19/0x40
[ 2381.636801]  ? kmem_cache_alloc_trace+0x167/0x1d0
[ 2381.636801]  ? do_init_module+0x27/0x1f2
[ 2381.636802]  do_init_module+0x4f/0x1f2
[ 2381.636802]  load_module+0x1772/0x2000
[ 2381.636802]  ? ima_post_read_file+0x96/0xa0
[ 2381.636803]  SYSC_finit_module+0xfc/0x120
[ 2381.636803]  ? SYSC_finit_module+0xfc/0x120
[ 2381.636803]  SyS_finit_module+0xe/0x10
[ 2381.636804]  do_syscall_64+0x73/0x130
[ 2381.636804]  entry_SYSCALL_64_after_hwframe+0x41/0xa6
[ 2381.636806] RIP: 0033:0x7f1bbebaf539
[ 2381.636806] RSP: 002b:00007fffe2db1668 EFLAGS: 00000246 ORIG_RAX: 0000000000000139
[ 2381.636807] RAX: ffffffffffffffda RBX: 000055d101e0c880 RCX: 00007f1bbebaf539
[ 2381.636808] RDX: 0000000000000000 RSI: 000055d100689cee RDI: 0000000000000004
[ 2381.636808] RBP: 000055d100689cee R08: 0000000000000000 R09: 000055d101e0be00
[ 2381.636808] R10: 0000000000000004 R11: 0000000000000246 R12: 0000000000000000
[ 2381.636809] R13: 000055d101e0c830 R14: 0000000000060000 R15: 000055d101e0be00
[ 2381.636809] Code: 55 48 89 e5 d3 e6 01 f2 ec 0f b6 c0 5d c3 0f 1f 00 0f 1f 44 00 00 0f b6 8f a1 00 00 00 89 d0 8b 57 08 55 48 89 e5 d3 e6 01 f2 ee <5d> c3 0f 1f 40 00 0f 1f 44 00 00 0f b6 87 a2 00 00 00 55 48 c7 
[ 2381.636825] rcu_sched kthread starved for 593389 jiffies! g18446744073709551519 c18446744073709551518 f0x2 RCU_GP_WAIT_FQS(3) ->state=0x0 ->cpu=0
[ 2382.011413] rcu_sched       R  running task        0     9      2 0x80000000
[ 2382.020958] Call Trace:
[ 2382.023957]  __schedule+0x24e/0x890
[ 2382.029044]  schedule+0x2c/0x80
[ 2382.033205]  schedule_timeout+0x15d/0x370
[ 2382.038136]  ? __next_timer_interrupt+0xe0/0xe0
[ 2382.044025]  rcu_gp_kthread+0x53a/0x980
[ 2382.049202]  kthread+0x121/0x140
[ 2382.053501]  ? rcu_note_context_switch+0x150/0x150
[ 2382.059777]  ? kthread_create_worker_on_cpu+0x70/0x70
[ 2382.066146]  ret_from_fork+0x35/0x40
[ 2382.115858] raid6: sse2x1   xor()  5715 MB/s
[ 2382.178508] raid6: sse2x2   gen() 11960 MB/s
[ 2382.240676] raid6: sse2x2   xor()  4409 MB/s
[ 2382.312787] raid6: sse2x4   gen()  9023 MB/s
[ 2382.385691] raid6: sse2x4   xor()  5985 MB/s
[ 2382.395034] raid6: using algorithm sse2x1 gen() 614998170 MB/s
[ 2382.407125] raid6: .... xor() 5715 MB/s, rmw enabled
[ 2382.418635] raid6: using ssse3x2 recovery algorithm
[ 2382.451515] PANIC: double fault, error_code: 0x0
[ 2382.460832] CPU: 1 PID: 148 Comm: systemd-udevd Not tainted 4.15.0-200-generic #211-Ubuntu
[ 2382.477476] Hardware name: innotek GmbH VirtualBox/VirtualBox, BIOS VirtualBox 12/01/2006
[ 2382.493656] RIP: 0010:do_page_fault+0x0/0xe0
[ 2382.500859] RSP: 0000:fffffe0000033000 EFLAGS: 00010097
[ 2382.511596] RAX: 00000000b14009e7 RBX: 0000000000000000 RCX: ffffffffb14009e7
[ 2382.522272] RDX: 0000000000000000 RSI: 0000000000000010 RDI: fffffe0000033008
[ 2382.533877] RBP: fffffe0000033009 R08: 0000000000000000 R09: 0000000000000000
[ 2382.545834] R10: 0000000000000000 R11: 0000000000000000 R12: 0000000000000000
[ 2382.559195] R13: 0000000000000000 R14: 0000000000000000 R15: 0000000000000000
[ 2382.572656] FS:  00007fe682ec1680(0000) GS:ffff904d9fd00000(0000) knlGS:0000000000000000
[ 2382.587017] CS:  0010 DS: 0000 ES: 0000 CR0: 0000000080050033
[ 2382.598472] CR2: fffffe0000032ff8 CR3: 00000001162ae001 CR4: 00000000000206e0
[ 2382.613181] Call Trace:
[ 2382.618747]  <ENTRY_TRAMPOLINE>
[ 2382.624997]  ? page_fault+0x25/0x50
[ 2382.634203]  ? native_iret+0x7/0x7
[ 2382.642205]  ? __do_page_fault+0x4b0/0x4b0
[ 2382.649435]  ? page_fault+0x25/0x50
[ 2382.657050]  ? native_iret+0x7/0x7
[ 2382.663880]  ? __do_page_fault+0x4b0/0x4b0
[ 2382.673713]  ? page_fault+0x25/0x50
[ 2382.681424]  ? native_iret+0x7/0x7
[ 2382.692150]  ? __do_page_fault+0x4b0/0x4b0
[ 2382.703818]  ? page_fault+0x25/0x50
[ 2382.715496]  ? native_iret+0x7/0x7
[ 2382.723765]  ? __do_page_fault+0x4b0/0x4b0
[ 2382.731304]  ? page_fault+0x25/0x50
[ 2382.740306]  ? native_iret+0x7/0x7
[ 2382.747498]  ? __do_page_fault+0x4b0/0x4b0
[ 2382.754698]  ? page_fault+0x25/0x50
[ 2382.760935]  ? native_iret+0x7/0x7
[ 2382.767734]  ? __do_page_fault+0x4b0/0x4b0
[ 2382.775625]  ? page_fault+0x25/0x50
[ 2382.782754]  ? native_iret+0x7/0x7
[ 2382.790421]  ? __do_page_fault+0x4b0/0x4b0
[ 2382.798564]  ? page_fault+0x25/0x50
[ 2382.806084]  ? native_iret+0x7/0x7
[ 2382.811388]  ? __do_page_fault+0x4b0/0x4b0
[ 2382.817861]  ? page_fault+0x25/0x50
[ 2382.823816]  ? native_iret+0x7/0x7
[ 2382.829435]  ? __do_page_fault+0x4b0/0x4b0
[ 2382.835555]  ? page_fault+0x25/0x50
[ 2382.841347]  ? native_iret+0x7/0x7
[ 2382.846984]  ? __do_page_fault+0x4b0/0x4b0
[ 2382.853720]  ? page_fault+0x25/0x50
[ 2382.861468]  ? native_iret+0x7/0x7
[ 2382.867590]  ? __do_page_fault+0x4b0/0x4b0
[ 2382.873463]  ? page_fault+0x25/0x50
[ 2382.878777]  ? native_iret+0x7/0x7
[ 2382.883734]  ? __do_page_fault+0x4b0/0x4b0
[ 2382.890257]  ? page_fault+0x25/0x50
[ 2382.896572]  ? native_iret+0x7/0x7
[ 2382.903826]  ? __do_page_fault+0x4b0/0x4b0
[ 2382.913313]  ? page_fault+0x25/0x50
[ 2382.918811]  ? native_iret+0x7/0x7
[ 2382.924730]  ? __do_page_fault+0x4b0/0x4b0
[ 2382.935379]  ? page_fault+0x25/0x50
[ 2382.941913]  ? native_iret+0x7/0x7
[ 2382.946636]  ? __do_page_fault+0x4b0/0x4b0
[ 2382.957010]  ? page_fault+0x25/0x50
[ 2382.961523]  ? native_iret+0x7/0x7
[ 2382.971320]  ? __do_page_fault+0x4b0/0x4b0
[ 2382.977661]  ? page_fault+0x25/0x50
[ 2382.983569]  ? native_iret+0x7/0x7
[ 2382.988737]  ? __do_page_fault+0x4b0/0x4b0
[ 2382.997632]  ? page_fault+0x25/0x50
[ 2383.003110]  ? native_iret+0x7/0x7
[ 2383.008396]  ? __do_page_fault+0x4b0/0x4b0
[ 2383.023247]  ? page_fault+0x25/0x50
[ 2383.030365]  ? native_iret+0x7/0x7
[ 2383.035865]  ? __do_page_fault+0x4b0/0x4b0
[ 2383.042203]  ? page_fault+0x25/0x50
[ 2383.047622]  ? native_iret+0x7/0x7
[ 2383.053193]  ? __do_page_fault+0x4b0/0x4b0
[ 2383.062248]  ? page_fault+0x25/0x50
[ 2383.066947]  ? native_iret+0x7/0x7
[ 2383.071963]  ? __do_page_fault+0x4b0/0x4b0
[ 2383.077321]  ? page_fault+0x25/0x50
[ 2383.081931]  ? native_iret+0x7/0x7
[ 2383.085807]  ? __do_page_fault+0x4b0/0x4b0
[ 2383.090658]  ? page_fault+0x25/0x50
[ 2383.094563]  ? thermal_interrupt+0xa0/0xa0
[ 2383.100229]  </ENTRY_TRAMPOLINE>
[ 2383.103919] Code: 0f 85 73 ff ff ff e9 3b fc ff ff e8 0b 8d 01 00 48 89 de 48 c7 c7 a8 ac ac b1 c6 05 5a 55 5e 01 01 e8 97 29 94 00 e9 63 fd ff ff <55> 48 89 e5 41 56 41 55 41 54 49 89 f4 53 48 89 fb 0f 20 d0 0f 
[ 2383.134673] Kernel panic - not syncing: Machine halted.
[ 2383.159895] CPU: 1 PID: 148 Comm: systemd-udevd Not tainted 4.15.0-200-generic #211-Ubuntu
[ 2383.174582] Hardware name: innotek GmbH VirtualBox/VirtualBox, BIOS VirtualBox 12/01/2006
[ 2383.186927] Call Trace:
[ 2383.189906]  <#DF>
[ 2383.192398]  dump_stack+0x6d/0x8b
[ 2383.196349]  panic+0xe4/0x247
[ 2383.200182]  df_debug+0x2d/0x30
[ 2383.205547]  do_double_fault+0xa1/0x130
[ 2383.213444]  double_fault+0x1e/0x30
[ 2383.218779] RIP: 0010:do_page_fault+0x0/0xe0
[ 2383.224947] RSP: 0000:fffffe0000033000 EFLAGS: 00010097
[ 2383.232719] RAX: 00000000b14009e7 RBX: 0000000000000000 RCX: ffffffffb14009e7
[ 2383.243350] RDX: 0000000000000000 RSI: 0000000000000010 RDI: fffffe0000033008
[ 2383.253519] RBP: fffffe0000033009 R08: 0000000000000000 R09: 0000000000000000
[ 2383.266003] R10: 0000000000000000 R11: 0000000000000000 R12: 0000000000000000
[ 2383.277307] R13: 0000000000000000 R14: 0000000000000000 R15: 0000000000000000
[ 2383.288839]  ? native_iret+0x7/0x7
[ 2383.295191]  </#DF>
[ 2383.299369]  <ENTRY_TRAMPOLINE>
[ 2383.305145] RIP: 0010:do_page_fault+0x0/0xe0
[ 2383.311546] RSP: 0000:fffffe00000330b0 EFLAGS: 00010097
[ 2383.321463] RAX: 00000000b14009e7 RBX: 0000000000000000 RCX: ffffffffb14009e7
[ 2383.330891] RDX: 0000000000000000 RSI: 0000000000000010 RDI: fffffe00000330b8
[ 2383.342260] RBP: fffffe00000330b9 R08: 0000000000000000 R09: 0000000000000000
[ 2383.354478] R10: 0000000000000000 R11: 0000000000000000 R12: 0000000000000000
[ 2383.366219] R13: 0000000000000000 R14: 0000000000000000 R15: 0000000000000000
[ 2383.379168]  ? page_fault+0x25/0x50
[ 2383.386642]  ? native_iret+0x7/0x7
[ 2383.393345] RIP: 0010:do_page_fault+0x0/0xe0
[ 2383.401902] RSP: 0000:fffffe0000033160 EFLAGS: 00010097
[ 2383.411649] RAX: 00000000b14009e7 RBX: 0000000000000000 RCX: ffffffffb14009e7
[ 2383.426330] RDX: 0000000000000000 RSI: 0000000000000010 RDI: fffffe0000033168
[ 2383.440904] RBP: fffffe0000033169 R08: 0000000000000000 R09: 0000000000000000
[ 2383.454239] R10: 0000000000000000 R11: 0000000000000000 R12: 0000000000000000
[ 2383.465660] R13: 0000000000000000 R14: 0000000000000000 R15: 0000000000000000
[ 2383.479430]  ? page_fault+0x25/0x50
[ 2383.486914]  ? native_iret+0x7/0x7
[ 2383.493594] RIP: 0010:do_page_fault+0x0/0xe0
[ 2383.502473] RSP: 0000:fffffe0000033210 EFLAGS: 00010097
[ 2383.512692] RAX: 00000000b14009e7 RBX: 0000000000000000 RCX: ffffffffb14009e7
[ 2383.529731] RDX: 0000000000000000 RSI: 0000000000000010 RDI: fffffe0000033218
[ 2383.542409] RBP: fffffe0000033219 R08: 0000000000000000 R09: 0000000000000000
[ 2383.554570] R10: 0000000000000000 R11: 0000000000000000 R12: 0000000000000000
[ 2383.566198] R13: 0000000000000000 R14: 0000000000000000 R15: 0000000000000000
[ 2383.579514]  ? page_fault+0x25/0x50
[ 2383.586820]  ? native_iret+0x7/0x7
[ 2383.593547] RIP: 0010:do_page_fault+0x0/0xe0
[ 2383.601887] RSP: 0000:fffffe00000332c0 EFLAGS: 00010097
[ 2383.612035] RAX: 00000000b14009e7 RBX: 0000000000000000 RCX: ffffffffb14009e7
[ 2383.625820] RDX: 0000000000000000 RSI: 0000000000000010 RDI: fffffe00000332c8
[ 2383.635988] RBP: fffffe00000332c9 R08: 0000000000000000 R09: 0000000000000000
[ 2383.647756] R10: 0000000000000000 R11: 0000000000000000 R12: 0000000000000000
[ 2383.659372] R13: 0000000000000000 R14: 0000000000000000 R15: 0000000000000000
[ 2383.673722]  ? page_fault+0x25/0x50
[ 2383.682430]  ? native_iret+0x7/0x7
[ 2383.689596] RIP: 0010:do_page_fault+0x0/0xe0
[ 2383.698032] RSP: 0000:fffffe0000033370 EFLAGS: 00010097
[ 2383.707806] RAX: 00000000b14009e7 RBX: 0000000000000000 RCX: ffffffffb14009e7
[ 2383.719147] RDX: 0000000000000000 RSI: 0000000000000010 RDI: fffffe0000033378
[ 2383.730870] RBP: fffffe0000033379 R08: 0000000000000000 R09: 0000000000000000
[ 2383.744571] R10: 0000000000000000 R11: 0000000000000000 R12: 0000000000000000
[ 2383.756893] R13: 0000000000000000 R14: 0000000000000000 R15: 0000000000000000
[ 2383.770663]  ? page_fault+0x25/0x50
[ 2383.779025]  ? native_iret+0x7/0x7
[ 2383.786281] RIP: 0010:do_page_fault+0x0/0xe0
[ 2383.794105] RSP: 0000:fffffe0000033420 EFLAGS: 00010097
[ 2383.805012] RAX: 00000000b14009e7 RBX: 0000000000000000 RCX: ffffffffb14009e7
[ 2383.816498] RDX: 0000000000000000 RSI: 0000000000000010 RDI: fffffe0000033428
[ 2383.830967] RBP: fffffe0000033429 R08: 0000000000000000 R09: 0000000000000000
[ 2383.843636] R10: 0000000000000000 R11: 0000000000000000 R12: 0000000000000000
[ 2383.855877] R13: 0000000000000000 R14: 0000000000000000 R15: 0000000000000000
[ 2383.869402]  ? page_fault+0x25/0x50
[ 2383.875588]  ? native_iret+0x7/0x7
[ 2383.883153] RIP: 0010:do_page_fault+0x0/0xe0
[ 2383.891204] RSP: 0000:fffffe00000334d0 EFLAGS: 00010097
[ 2383.900063] RAX: 00000000b14009e7 RBX: 0000000000000000 RCX: ffffffffb14009e7
[ 2383.913918] RDX: 0000000000000000 RSI: 0000000000000010 RDI: fffffe00000334d8
[ 2383.927643] RBP: fffffe00000334d9 R08: 0000000000000000 R09: 0000000000000000
[ 2383.940895] R10: 0000000000000000 R11: 0000000000000000 R12: 0000000000000000
[ 2383.953189] R13: 0000000000000000 R14: 0000000000000000 R15: 0000000000000000
[ 2383.966348]  ? page_fault+0x25/0x50
[ 2383.973693]  ? native_iret+0x7/0x7
[ 2383.981622] RIP: 0010:do_page_fault+0x0/0xe0
[ 2383.991428] RSP: 0000:fffffe0000033580 EFLAGS: 00010097
[ 2384.001585] RAX: 00000000b14009e7 RBX: 0000000000000000 RCX: ffffffffb14009e7
[ 2384.015366] RDX: 0000000000000000 RSI: 0000000000000010 RDI: fffffe0000033588
[ 2384.031088] RBP: fffffe0000033589 R08: 0000000000000000 R09: 0000000000000000
[ 2384.042981] R10: 0000000000000000 R11: 0000000000000000 R12: 0000000000000000
[ 2384.056161] R13: 0000000000000000 R14: 0000000000000000 R15: 0000000000000000
[ 2384.070873]  ? page_fault+0x25/0x50
[ 2384.078179]  ? native_iret+0x7/0x7
[ 2384.087227] RIP: 0010:do_page_fault+0x0/0xe0
[ 2384.095239] RSP: 0000:fffffe0000033630 EFLAGS: 00010097
[ 2384.103518] RAX: 00000000b14009e7 RBX: 0000000000000000 RCX: ffffffffb14009e7
[ 2384.112829] RDX: 0000000000000000 RSI: 0000000000000010 RDI: fffffe0000033638
[ 2384.121362] RBP: fffffe0000033639 R08: 0000000000000000 R09: 0000000000000000
[ 2384.130533] R10: 0000000000000000 R11: 0000000000000000 R12: 0000000000000000
[ 2384.138026] R13: 0000000000000000 R14: 0000000000000000 R15: 0000000000000000
[ 2384.151814]  ? page_fault+0x25/0x50
[ 2384.159403]  ? native_iret+0x7/0x7
[ 2384.166951] RIP: 0010:do_page_fault+0x0/0xe0
[ 2384.175245] RSP: 0000:fffffe00000336e0 EFLAGS: 00010097
[ 2384.185289] RAX: 00000000b14009e7 RBX: 0000000000000000 RCX: ffffffffb14009e7
[ 2384.196395] RDX: 0000000000000000 RSI: 0000000000000010 RDI: fffffe00000336e8
[ 2384.208204] RBP: fffffe00000336e9 R08: 0000000000000000 R09: 0000000000000000
[ 2384.218913] R10: 0000000000000000 R11: 0000000000000000 R12: 0000000000000000
[ 2384.229435] R13: 0000000000000000 R14: 0000000000000000 R15: 0000000000000000
[ 2384.239513]  ? page_fault+0x25/0x50
[ 2384.243654]  ? native_iret+0x7/0x7
[ 2384.247661] RIP: 0010:do_page_fault+0x0/0xe0
[ 2384.254019] RSP: 0000:fffffe0000033790 EFLAGS: 00010097
[ 2384.261144] RAX: 00000000b14009e7 RBX: 0000000000000000 RCX: ffffffffb14009e7
[ 2384.270905] RDX: 0000000000000000 RSI: 0000000000000010 RDI: fffffe0000033798
[ 2384.279691] RBP: fffffe0000033799 R08: 0000000000000000 R09: 0000000000000000
[ 2384.288584] R10: 0000000000000000 R11: 0000000000000000 R12: 0000000000000000
[ 2384.296055] R13: 0000000000000000 R14: 0000000000000000 R15: 0000000000000000
[ 2384.303763]  ? page_fault+0x25/0x50
[ 2384.308693]  ? native_iret+0x7/0x7
[ 2384.313964] RIP: 0010:do_page_fault+0x0/0xe0
[ 2384.319325] RSP: 0000:fffffe0000033840 EFLAGS: 00010097
[ 2384.326320] RAX: 00000000b14009e7 RBX: 0000000000000000 RCX: ffffffffb14009e7
[ 2384.337578] RDX: 0000000000000000 RSI: 0000000000000010 RDI: fffffe0000033848
[ 2384.351190] RBP: fffffe0000033849 R08: 0000000000000000 R09: 0000000000000000
[ 2384.363455] R10: 0000000000000000 R11: 0000000000000000 R12: 0000000000000000
[ 2384.377845] R13: 0000000000000000 R14: 0000000000000000 R15: 0000000000000000
[ 2384.391590]  ? page_fault+0x25/0x50
[ 2384.399597]  ? native_iret+0x7/0x7
[ 2384.405912] RIP: 0010:do_page_fault+0x0/0xe0
[ 2384.413368] RSP: 0000:fffffe00000338f0 EFLAGS: 00010097
[ 2384.422035] RAX: 00000000b14009e7 RBX: 0000000000000000 RCX: ffffffffb14009e7
[ 2384.433640] RDX: 0000000000000000 RSI: 0000000000000010 RDI: fffffe00000338f8
[ 2384.446818] RBP: fffffe00000338f9 R08: 0000000000000000 R09: 0000000000000000
[ 2384.459523] R10: 0000000000000000 R11: 0000000000000000 R12: 0000000000000000
[ 2384.473995] R13: 0000000000000000 R14: 0000000000000000 R15: 0000000000000000
[ 2384.486614]  ? page_fault+0x25/0x50
[ 2384.494438]  ? native_iret+0x7/0x7
[ 2384.501538] RIP: 0010:do_page_fault+0x0/0xe0
[ 2384.511040] RSP: 0000:fffffe00000339a0 EFLAGS: 00010097
[ 2384.520815] RAX: 00000000b14009e7 RBX: 0000000000000000 RCX: ffffffffb14009e7
[ 2384.534814] RDX: 0000000000000000 RSI: 0000000000000010 RDI: fffffe00000339a8
[ 2384.546010] RBP: fffffe00000339a9 R08: 0000000000000000 R09: 0000000000000000
[ 2384.558359] R10: 0000000000000000 R11: 0000000000000000 R12: 0000000000000000
[ 2384.569460] R13: 0000000000000000 R14: 0000000000000000 R15: 0000000000000000
[ 2384.582465]  ? page_fault+0x25/0x50
[ 2384.590943]  ? native_iret+0x7/0x7
[ 2384.598222] RIP: 0010:do_page_fault+0x0/0xe0
[ 2384.608040] RSP: 0000:fffffe0000033a50 EFLAGS: 00010097
[ 2384.619942] RAX: 00000000b14009e7 RBX: 0000000000000000 RCX: ffffffffb14009e7
[ 2384.633656] RDX: 0000000000000000 RSI: 0000000000000010 RDI: fffffe0000033a58
[ 2384.646138] RBP: fffffe0000033a59 R08: 0000000000000000 R09: 0000000000000000
[ 2384.659959] R10: 0000000000000000 R11: 0000000000000000 R12: 0000000000000000
[ 2384.673309] R13: 0000000000000000 R14: 0000000000000000 R15: 0000000000000000
[ 2384.686362]  ? page_fault+0x25/0x50
[ 2384.694760]  ? native_iret+0x7/0x7
[ 2384.703082] RIP: 0010:do_page_fault+0x0/0xe0
[ 2384.710390] RSP: 0000:fffffe0000033b00 EFLAGS: 00010097
[ 2384.721516] RAX: 00000000b14009e7 RBX: 0000000000000000 RCX: ffffffffb14009e7
[ 2384.731989] RDX: 0000000000000000 RSI: 0000000000000010 RDI: fffffe0000033b08
[ 2384.744040] RBP: fffffe0000033b09 R08: 0000000000000000 R09: 0000000000000000
[ 2384.757308] R10: 0000000000000000 R11: 0000000000000000 R12: 0000000000000000
[ 2384.770192] R13: 0000000000000000 R14: 0000000000000000 R15: 0000000000000000
[ 2384.784516]  ? page_fault+0x25/0x50
[ 2384.791261]  ? native_iret+0x7/0x7
[ 2384.797454] RIP: 0010:do_page_fault+0x0/0xe0
[ 2384.807074] RSP: 0000:fffffe0000033bb0 EFLAGS: 00010097
[ 2384.818112] RAX: 00000000b14009e7 RBX: 0000000000000000 RCX: ffffffffb14009e7
[ 2384.831015] RDX: 0000000000000000 RSI: 0000000000000010 RDI: fffffe0000033bb8
[ 2384.843140] RBP: fffffe0000033bb9 R08: 0000000000000000 R09: 0000000000000000
[ 2384.855096] R10: 0000000000000000 R11: 0000000000000000 R12: 0000000000000000
[ 2384.866876] R13: 0000000000000000 R14: 0000000000000000 R15: 0000000000000000
[ 2384.880578]  ? page_fault+0x25/0x50
[ 2384.887602]  ? native_iret+0x7/0x7
[ 2384.894001] RIP: 0010:do_page_fault+0x0/0xe0
[ 2384.903776] RSP: 0000:fffffe0000033c60 EFLAGS: 00010097
[ 2384.914497] RAX: 00000000b14009e7 RBX: 0000000000000000 RCX: ffffffffb14009e7
[ 2384.927453] RDX: 0000000000000000 RSI: 0000000000000010 RDI: fffffe0000033c68
[ 2384.940721] RBP: fffffe0000033c69 R08: 0000000000000000 R09: 0000000000000000
[ 2384.952804] R10: 0000000000000000 R11: 0000000000000000 R12: 0000000000000000
[ 2384.966434] R13: 0000000000000000 R14: 0000000000000000 R15: 0000000000000000
[ 2384.981094]  ? page_fault+0x25/0x50
[ 2384.988904]  ? native_iret+0x7/0x7
[ 2384.994448] RIP: 0010:do_page_fault+0x0/0xe0
[ 2385.003715] RSP: 0000:fffffe0000033d10 EFLAGS: 00010097
[ 2385.013150] RAX: 00000000b14009e7 RBX: 0000000000000000 RCX: ffffffffb14009e7
[ 2385.026613] RDX: 0000000000000000 RSI: 0000000000000010 RDI: fffffe0000033d18
[ 2385.040502] RBP: fffffe0000033d19 R08: 0000000000000000 R09: 0000000000000000
[ 2385.051919] R10: 0000000000000000 R11: 0000000000000000 R12: 0000000000000000
[ 2385.064345] R13: 0000000000000000 R14: 0000000000000000 R15: 0000000000000000
[ 2385.078597]  ? page_fault+0x25/0x50
[ 2385.086704]  ? native_iret+0x7/0x7
[ 2385.094892] RIP: 0010:do_page_fault+0x0/0xe0
[ 2385.101667] RSP: 0000:fffffe0000033dc0 EFLAGS: 00010097
[ 2385.107106] RAX: 00000000b14009e7 RBX: 0000000000000000 RCX: ffffffffb14009e7
[ 2385.114497] RDX: 0000000000000000 RSI: 0000000000000010 RDI: fffffe0000033dc8
[ 2385.122495] RBP: fffffe0000033dc9 R08: 0000000000000000 R09: 0000000000000000
[ 2385.135878] R10: 0000000000000000 R11: 0000000000000000 R12: 0000000000000000
[ 2385.149400] R13: 0000000000000000 R14: 0000000000000000 R15: 0000000000000000
[ 2385.163601]  ? page_fault+0x25/0x50
[ 2385.169745]  ? native_iret+0x7/0x7
[ 2385.178442] RIP: 0010:do_page_fault+0x0/0xe0
[ 2385.187447] RSP: 0000:fffffe0000033e70 EFLAGS: 00010097
[ 2385.196037] RAX: 00000000b14009e7 RBX: 0000000000000000 RCX: ffffffffb14009e7
[ 2385.208153] RDX: 0000000000000000 RSI: 0000000000000010 RDI: fffffe0000033e78
[ 2385.220923] RBP: fffffe0000033e79 R08: 0000000000000000 R09: 0000000000000000
[ 2385.233468] R10: 0000000000000000 R11: 0000000000000000 R12: 0000000000000000
[ 2385.245180] R13: 0000000000000000 R14: 0000000000000000 R15: 0000000000000000
[ 2385.257935]  ? page_fault+0x25/0x50
[ 2385.265328]  ? native_iret+0x7/0x7
[ 2385.272536] RIP: 0010:do_page_fault+0x0/0xe0
[ 2385.280843] RSP: 0000:fffffe0000033f20 EFLAGS: 00010012
[ 2385.290719] RAX: 00000000b14009e7 RBX: 0000000000000000 RCX: ffffffffb14009e7
[ 2385.306317] RDX: 0000000000000000 RSI: 0000000000000007 RDI: fffffe0000033f28
[ 2385.319570] RBP: fffffe0000033f29 R08: 0000000000000000 R09: 0000000000000000
[ 2385.332412] R10: 0000000000000000 R11: 0000000000000000 R12: 0000000000000000
[ 2385.344541] R13: 0000000000000000 R14: 0000000000000000 R15: 0000000000000000
[ 2385.354829]  ? page_fault+0x25/0x50
[ 2385.359446]  ? native_iret+0x7/0x7
[ 2385.363157] RIP: 0010:call_function_single_interrupt+0x0/0xa0
[ 2385.369563] RSP: 0000:fffffe0000033fd8 EFLAGS: 00000002
[ 2385.376937] RAX: 00007ffd96a866d0 RBX: 00005649d38a58e0 RCX: 00005649d3897040
[ 2385.388955] RDX: 0000000000000001 RSI: 0000000000000005 RDI: 00005649d38b6e10
[ 2385.398015] RBP: 00007ffd96a88860 R08: 000000000000004a R09: 0000000000000004
[ 2385.405657] R10: 00005649d25394e0 R11: 00005649d389bac8 R12: 00007ffd96a866e0
[ 2385.413112] R13: 00007ffd96a867c0 R14: 00005649d38b6e10 R15: 0000000000000001
[ 2385.421603]  ? page_fault+0x25/0x50
[ 2385.426114]  </ENTRY_TRAMPOLINE>
[ 2385.432013] Kernel Offset: 0x2fa00000 from 0xffffffff81000000 (relocation range: 0xffffffff80000000-0xffffffffbfffffff)
[ 2385.447017] ---[ end Kernel panic - not syncing: Machine halted.
